<?xml version="1.0" encoding="UTF-8"?>
<!-- Generated by org.testng.reporters.JUnitXMLReporter -->
<testsuite ignored="0" hostname="DESKTOP-KCHFC1E" failures="0" tests="5" name="Default test" time="116.992" errors="0" timestamp="2022-02-01T20:31:30 IST">
  <testcase classname="Test.TestClass" name="VerifyCurrentURLTitleLogo" time="0.804"/>
  <testcase classname="Test.TestClass" name="verifyCreateaccountBtnisClick" time="0.513"/>
  <testcase classname="Test.TestClass" name="VerifyUserNavigateToSignInPage" time="1.593"/>
  <testcase classname="Test.TestClass" name="verifyUserEnterCreadential" time="20.673"/>
  <testcase classname="Test.TestClass" name="VerifyUserHandleSelectBox" time="7.148"/>
</testsuite> <!-- Default test -->
