<?xml version="1.0" encoding="UTF-8"?>
<!-- Generated by org.testng.reporters.JUnitXMLReporter -->
<testsuite ignored="0" hostname="DESKTOP-KCHFC1E" failures="0" tests="5" name="Test" time="87.335" errors="0" timestamp="2022-02-03T10:08:40 IST">
  <testcase classname="Test.TestClass" name="VerifyCurrentURLTitleLogo" time="0.823"/>
  <testcase classname="Test.TestClass" name="verifyCreateaccountBtnisClick" time="0.422"/>
  <testcase classname="Test.TestClass" name="VerifyUserNavigateToSignInPage" time="2.802"/>
  <testcase classname="Test.TestClass" name="verifyUserEnterCreadential" time="17.172"/>
  <testcase classname="Test.TestClass" name="VerifyUserHandleSelectBox" time="7.25"/>
</testsuite> <!-- Test -->
