<?xml version="1.0" encoding="UTF-8"?>
<testng-results ignored="0" total="5" passed="5" failed="0" skipped="0">
  <reporter-output>
  </reporter-output>
  <suite started-at="2022-02-03T10:07:12 IST" name="Suite" finished-at="2022-02-03T10:08:39 IST" duration-ms="87335">
    <groups>
    </groups>
    <test started-at="2022-02-03T10:07:12 IST" name="Test" finished-at="2022-02-03T10:08:39 IST" duration-ms="87335">
      <class name="Test.TestClass">
        <test-method is-config="true" signature="OpenTheBrowser()[pri:0, instance:Test.TestClass@272113c4]" started-at="2022-02-03T10:07:12 IST" name="OpenTheBrowser" finished-at="2022-02-03T10:08:04 IST" duration-ms="51666" status="PASS">
          <reporter-output>
          </reporter-output>
        </test-method> <!-- OpenTheBrowser -->
        <test-method signature="VerifyCurrentURLTitleLogo()[pri:-10, instance:Test.TestClass@272113c4]" started-at="2022-02-03T10:08:04 IST" name="VerifyCurrentURLTitleLogo" finished-at="2022-02-03T10:08:05 IST" duration-ms="823" status="PASS">
          <reporter-output>
          </reporter-output>
        </test-method> <!-- VerifyCurrentURLTitleLogo -->
        <test-method signature="verifyCreateaccountBtnisClick()[pri:-9, instance:Test.TestClass@272113c4]" started-at="2022-02-03T10:08:05 IST" name="verifyCreateaccountBtnisClick" finished-at="2022-02-03T10:08:05 IST" duration-ms="422" status="PASS">
          <reporter-output>
          </reporter-output>
        </test-method> <!-- verifyCreateaccountBtnisClick -->
        <test-method signature="VerifyUserNavigateToSignInPage()[pri:-8, instance:Test.TestClass@272113c4]" started-at="2022-02-03T10:08:05 IST" name="VerifyUserNavigateToSignInPage" finished-at="2022-02-03T10:08:08 IST" duration-ms="2802" status="PASS">
          <reporter-output>
          </reporter-output>
        </test-method> <!-- VerifyUserNavigateToSignInPage -->
        <test-method signature="verifyUserEnterCreadential()[pri:-7, instance:Test.TestClass@272113c4]" started-at="2022-02-03T10:08:08 IST" name="verifyUserEnterCreadential" finished-at="2022-02-03T10:08:25 IST" duration-ms="17172" status="PASS">
          <reporter-output>
          </reporter-output>
        </test-method> <!-- verifyUserEnterCreadential -->
        <test-method signature="VerifyUserHandleSelectBox()[pri:-6, instance:Test.TestClass@272113c4]" started-at="2022-02-03T10:08:25 IST" name="VerifyUserHandleSelectBox" finished-at="2022-02-03T10:08:33 IST" duration-ms="7250" status="PASS">
          <reporter-output>
          </reporter-output>
        </test-method> <!-- VerifyUserHandleSelectBox -->
        <test-method is-config="true" signature="TearDown()[pri:0, instance:Test.TestClass@272113c4]" started-at="2022-02-03T10:08:33 IST" name="TearDown" finished-at="2022-02-03T10:08:39 IST" duration-ms="6613" status="PASS">
          <reporter-output>
          </reporter-output>
        </test-method> <!-- TearDown -->
      </class> <!-- Test.TestClass -->
    </test> <!-- Test -->
  </suite> <!-- Suite -->
</testng-results>
